1583404334362|starting Broker component.
1583404334416|Subscriber sr-iport subscribe to topic Peche&Cuisine
1583404334417|Subscriber sr-iport subscribe to topic Automobile
1583404334418|Subscriber sr-iport subscribe to topic Voyage
1583404334424|Broker: Message publié dans Peche&Cuisine
1583404334427|Broker: Message publié dans Peche&Cuisine
1583404334431|Broker: Message publié dans Peche&Cuisine
1583404334434|Broker: Message publié dans Peche&Cuisine
1583404334435|Broker: Message publié dans Peche&Cuisine
1583404334436|Broker: Message publié dans Peche&Cuisine
1583404334437|Broker: Message publié dans Peche&Cuisine
1583404334437|Broker: Message publié dans Peche&Cuisine
1583404334440|Broker: Message publié dans Peche&Cuisine
1583404334440|Broker: Message publié dans Peche&Cuisine
1583404334442|Broker: Message publié dans Peche&Cuisine
1583404334443|Broker: Message publié dans Peche&Cuisine
1583404334445|Broker: Message publié dans Peche&Cuisine
1583404334446|Broker: Message publié dans Peche&Cuisine
1583404334446|Broker: Message publié dans Peche&Cuisine
1583404334446|Broker: Message publié dans Peche&Cuisine
1583404334447|Broker: Message publié dans Peche&Cuisine
1583404334447|Broker: Message publié dans Peche&Cuisine
1583404334448|Broker: Message publié dans Peche&Cuisine
1583404334449|Broker: Message publié dans Peche&Cuisine
1583404334452|Broker: Message publié dans Peche&Cuisine
1583404334456|Broker: Message publié dans Peche&Cuisine
1583404334460|Broker: Message publié dans Peche&Cuisine
1583404334460|Broker: Message publié dans Peche&Cuisine
1583404334461|Broker: Message publié dans Peche&Cuisine
1583404334461|Broker: Message publié dans Peche&Cuisine
1583404334490|Broker: Message publié dans Peche&Cuisine
1583404334497|Broker: Message publié dans Peche&Cuisine
1583404334497|Broker: Message publié dans Peche&Cuisine
1583404334498|Broker: Message publié dans Peche&Cuisine
1583404334499|Broker: Message publié dans Peche&Cuisine
1583404334500|Broker: Message publié dans Peche&Cuisine
1583404334508|Broker: Message publié dans Peche&Cuisine
1583404334508|Broker: Message publié dans Peche&Cuisine
1583404334509|Broker: Message publié dans Peche&Cuisine
1583404334510|Broker: Message publié dans Peche&Cuisine
1583404334511|Broker: Message publié dans Peche&Cuisine
1583404334512|Broker: Message publié dans Peche&Cuisine
1583404334513|Broker: Message publié dans Peche&Cuisine
1583404334514|Broker: Message publié dans Peche&Cuisine
1583404334515|Broker: Message publié dans Peche&Cuisine
1583404334518|Broker: Message publié dans Peche&Cuisine
1583404334519|Broker: Message publié dans Peche&Cuisine
1583404334520|Broker: Message publié dans Peche&Cuisine
1583404334520|Broker: Message publié dans Peche&Cuisine
1583404334522|Broker: Message publié dans Peche&Cuisine
1583404334525|Broker: Message publié dans Peche&Cuisine
1583404334526|Broker: Message publié dans Peche&Cuisine
1583404334526|Broker: Message publié dans Peche&Cuisine
1583404334528|Broker: Message publié dans Peche&Cuisine
1583404334529|Broker: Message publié dans Peche&Cuisine
1583404334530|Broker: Message publié dans Peche&Cuisine
1583404334532|Broker: Message publié dans Peche&Cuisine
1583404334532|Broker: Message publié dans Peche&Cuisine
1583404334533|Broker: Message publié dans Peche&Cuisine
1583404334534|Broker: Message publié dans Peche&Cuisine
1583404334537|Broker: Message publié dans Peche&Cuisine
1583404334540|Broker: Message publié dans Peche&Cuisine
1583404334542|Broker: Message publié dans Peche&Cuisine
1583404334543|Broker: Message publié dans Peche&Cuisine
1583404334545|Broker: Message publié dans Peche&Cuisine
1583404334545|Broker: Message publié dans Peche&Cuisine
1583404334546|Broker: Message publié dans Peche&Cuisine
1583404334547|Broker: Message publié dans Peche&Cuisine
1583404334548|Broker: Message publié dans Peche&Cuisine
1583404334549|Broker: Message publié dans Peche&Cuisine
1583404334549|Broker: Message publié dans Peche&Cuisine
1583404334550|Broker: Message publié dans Peche&Cuisine
1583404334552|Broker: Message publié dans Peche&Cuisine
1583404334556|Broker: Message publié dans Peche&Cuisine
1583404334557|Broker: Message publié dans Peche&Cuisine
1583404334558|Broker: Message publié dans Peche&Cuisine
1583404334558|Broker: Message publié dans Peche&Cuisine
1583404334559|Broker: Message publié dans Peche&Cuisine
1583404334561|Broker: Message publié dans Peche&Cuisine
1583404334562|Broker: Message publié dans Peche&Cuisine
1583404334562|Broker: Message publié dans Peche&Cuisine
1583404334562|Broker: Message publié dans Peche&Cuisine
1583404334563|Broker: Message publié dans Peche&Cuisine
1583404334564|Broker: Message publié dans Peche&Cuisine
1583404334565|Broker: Message publié dans Peche&Cuisine
1583404334568|Broker: Message publié dans Peche&Cuisine
1583404334573|Broker: Message publié dans Peche&Cuisine
1583404334574|Broker: Message publié dans Peche&Cuisine
1583404334578|Broker: Message publié dans Peche&Cuisine
1583404334579|Broker: Message publié dans Peche&Cuisine
1583404334585|Broker: Message publié dans Peche&Cuisine
1583404334587|Broker: Message publié dans Peche&Cuisine
1583404334588|Broker: Message publié dans Peche&Cuisine
1583404334588|Broker: Message publié dans Peche&Cuisine
1583404334589|Broker: Message publié dans Peche&Cuisine
1583404334590|Broker: Message publié dans Peche&Cuisine
1583404334590|Broker: Message publié dans Peche&Cuisine
1583404334591|Broker: Message publié dans Peche&Cuisine
1583404334591|Broker: Message publié dans Peche&Cuisine
1583404334592|Broker: Message publié dans Peche&Cuisine
1583404334593|Broker: Message publié dans Peche&Cuisine
1583404334593|Broker: Message publié dans Peche&Cuisine
1583404334594|Broker: Message publié dans Peche&Cuisine
1583404334595|Broker: Message publié dans Peche&Cuisine
1583404334596|Broker: Message publié dans Peche&Cuisine
1583404334599|Broker: Message publié dans CPS
1583404334602|Broker: Message publié dans Automobile
1583404334603|Broker: Message publié dans Automobile
1583404334605|Broker: Message publié dans Peche&Cuisine
1583404334606|Broker: Message publié dans Peche&Cuisine
1583404334607|Broker: Message publié dans CPS
1583404334608|Broker: Message publié dans CPS
1583404334608|Broker: Message publié dans Peche&Cuisine
1583404354420|stopping broker component.
